<?xml version="1.0" encoding="UTF-8"?>
<!-- Generated by org.testng.reporters.JUnitReportReporter -->
<testsuite hostname="DESKTOP-OJHB2AJ" failures="0" tests="1" name="com.qa.tests.PostAPITest" time="2.400" errors="0" timestamp="2023-06-21T14:00:34 IST" skipped="0">
  <testcase classname="com.qa.tests.PostAPITest" name="postAPITest" time="2.400"/>
</testsuite> <!-- com.qa.tests.PostAPITest -->
