<?xml version="1.0" encoding="UTF-8"?>
<!-- Generated by org.testng.reporters.JUnitReportReporter -->
<testsuite hostname="DESKTOP-OJHB2AJ" failures="0" tests="1" name="com.qa.tests.GetAPITest" time="1.950" errors="0" timestamp="2023-06-20T12:31:52 IST" skipped="0">
  <testcase classname="com.qa.tests.GetAPITest" name="getAPITest" time="1.950"/>
</testsuite> <!-- com.qa.tests.GetAPITest -->
